<?xml version="1.0" encoding="UTF-8"?>
<testng-results ignored="0" total="1" passed="1" failed="0" skipped="0">
  <reporter-output>
  </reporter-output>
  <suite started-at="2022-12-12T23:56:29 IST" name="Suite" finished-at="2022-12-12T23:56:30 IST" duration-ms="93">
    <groups>
    </groups>
    <test started-at="2022-12-12T23:56:29 IST" name="Test" finished-at="2022-12-12T23:56:30 IST" duration-ms="93">
      <class name="com.testscripts.FirstTestCase">
        <test-method signature="Testcase()[pri:0, instance:com.testscripts.FirstTestCase@87a85e1]" started-at="2022-12-12T23:56:30 IST" name="Testcase" finished-at="2022-12-12T23:56:30 IST" duration-ms="7" status="PASS">
          <reporter-output>
          </reporter-output>
        </test-method> <!-- Testcase -->
      </class> <!-- com.testscripts.FirstTestCase -->
    </test> <!-- Test -->
  </suite> <!-- Suite -->
</testng-results>
