<?xml version="1.0" encoding="UTF-8"?>
<!-- Generated by org.testng.reporters.JUnitXMLReporter -->
<testsuite hostname="LAPTOP-KEHBMK7B" ignored="0" name="Test" tests="5" failures="0" timestamp="2022-12-29T13:30:59 IST" time="83.574" errors="0">
  <testcase name="positiveScenarioUser" time="30.88" classname="com.testscripts.TestingPage"/>
  <testcase name="positiveScenarioAdmin" time="22.833" classname="com.testscripts.TestingPage"/>
  <testcase name="addCategoryValidationUItoDB" time="16.713" classname="com.testscripts.TestingPage"/>
  <testcase name="addCategoryValidationDBtoUI" time="0.083" classname="com.testscripts.TestingPage"/>
  <testcase name="NegativeScenarioTesting" time="7.476" classname="com.testscripts.TestingPage"/>
</testsuite> <!-- Test -->
