<?xml version="1.0" encoding="UTF-8"?>
<testng-results skipped="0" failed="0" ignored="0" total="5" passed="5">
  <reporter-output>
  </reporter-output>
  <suite name="Suite" duration-ms="83574" started-at="2022-12-29T13:29:35 IST" finished-at="2022-12-29T13:30:59 IST">
    <groups>
    </groups>
    <test name="Test" duration-ms="83574" started-at="2022-12-29T13:29:35 IST" finished-at="2022-12-29T13:30:59 IST">
      <class name="com.testscripts.TestingPage">
        <test-method status="PASS" signature="launchBrowser()[pri:0, instance:com.testscripts.TestingPage@3891771e]" name="launchBrowser" is-config="true" duration-ms="4833" started-at="2022-12-29T13:29:35 IST" finished-at="2022-12-29T13:29:40 IST">
          <reporter-output>
          </reporter-output>
        </test-method> <!-- launchBrowser -->
        <test-method status="PASS" signature="positiveScenarioUser()[pri:0, instance:com.testscripts.TestingPage@3891771e]" name="positiveScenarioUser" duration-ms="30880" started-at="2022-12-29T13:29:40 IST" finished-at="2022-12-29T13:30:11 IST">
          <reporter-output>
          </reporter-output>
        </test-method> <!-- positiveScenarioUser -->
        <test-method status="PASS" signature="positiveScenarioAdmin()[pri:1, instance:com.testscripts.TestingPage@3891771e]" name="positiveScenarioAdmin" duration-ms="22833" started-at="2022-12-29T13:30:11 IST" finished-at="2022-12-29T13:30:34 IST">
          <reporter-output>
          </reporter-output>
        </test-method> <!-- positiveScenarioAdmin -->
        <test-method status="PASS" signature="addCategoryValidationUItoDB()[pri:2, instance:com.testscripts.TestingPage@3891771e]" name="addCategoryValidationUItoDB" duration-ms="16713" started-at="2022-12-29T13:30:34 IST" finished-at="2022-12-29T13:30:51 IST">
          <reporter-output>
          </reporter-output>
        </test-method> <!-- addCategoryValidationUItoDB -->
        <test-method status="PASS" signature="addCategoryValidationDBtoUI()[pri:3, instance:com.testscripts.TestingPage@3891771e]" name="addCategoryValidationDBtoUI" duration-ms="83" started-at="2022-12-29T13:30:51 IST" finished-at="2022-12-29T13:30:51 IST">
          <reporter-output>
          </reporter-output>
        </test-method> <!-- addCategoryValidationDBtoUI -->
        <test-method status="PASS" signature="NegativeScenarioTesting()[pri:4, instance:com.testscripts.TestingPage@3891771e]" name="NegativeScenarioTesting" duration-ms="7476" started-at="2022-12-29T13:30:51 IST" finished-at="2022-12-29T13:30:58 IST">
          <reporter-output>
          </reporter-output>
        </test-method> <!-- NegativeScenarioTesting -->
        <test-method status="PASS" signature="closeBrowser()[pri:0, instance:com.testscripts.TestingPage@3891771e]" name="closeBrowser" is-config="true" duration-ms="705" started-at="2022-12-29T13:30:58 IST" finished-at="2022-12-29T13:30:59 IST">
          <reporter-output>
          </reporter-output>
        </test-method> <!-- closeBrowser -->
      </class> <!-- com.testscripts.TestingPage -->
    </test> <!-- Test -->
  </suite> <!-- Suite -->
</testng-results>
