<?xml version="1.0" encoding="UTF-8"?>
<testng-results ignored="0" total="1" passed="1" failed="0" skipped="0">
  <reporter-output>
  </reporter-output>
  <suite started-at="2022-12-15T01:14:42 IST" name="Default suite" finished-at="2022-12-15T01:16:51 IST" duration-ms="128903">
    <groups>
    </groups>
    <test started-at="2022-12-15T01:14:42 IST" name="Default test" finished-at="2022-12-15T01:16:51 IST" duration-ms="128903">
      <class name="TestSwiggy">
        <test-method is-config="true" signature="OpenApp()[pri:0, instance:TestSwiggy@e056f20]" started-at="2022-12-15T01:14:42 IST" name="OpenApp" finished-at="2022-12-15T01:14:55 IST" duration-ms="12851" status="PASS">
          <reporter-output>
          </reporter-output>
        </test-method> <!-- OpenApp -->
        <test-method signature="Testcase()[pri:0, instance:TestSwiggy@e056f20]" started-at="2022-12-15T01:14:55 IST" name="Testcase" finished-at="2022-12-15T01:16:51 IST" duration-ms="116005" status="PASS">
          <reporter-output>
          </reporter-output>
        </test-method> <!-- Testcase -->
      </class> <!-- TestSwiggy -->
    </test> <!-- Default test -->
  </suite> <!-- Default suite -->
</testng-results>
